<?xml version="1.0" encoding="UTF-8"?><testsuite errors="0" failures="1" name="testpackage.WhenTabTendersTest" skipped="0" tests="1" time="27.0" timestamp="2022-09-13 09:51:26"><testcase classname="testpackage.WhenTabTendersTest" name="Проверка даты публикации тендера только с начальной датой"><failure message="[Есть тендеры с датой, не входящей в заданный промежуток] expected:&lt;[tru]e&gt; but was:&lt;[fals]e&gt;" type="org.junit.ComparisonFailure">[Есть тендеры с датой, не входящей в заданный промежуток] expected:&lt;[tru]e&gt; but was:&lt;[fals]e&gt;</failure><system-err>[Есть тендеры с датой, не входящей в заданный промежуток] expected:&lt;[tru]e&gt; but was:&lt;[fals]e&gt;&#13;
steps.TabTendersSteps.check_date_with_only_start_date(TabTendersSteps.java:145)&#13;
testpackage.WhenTabTendersTest.checkPublicationDateOfTenderWithOnlyStartDate(WhenTabTendersTest.java:134)&#13;
</system-err></testcase></testsuite>