<?xml version="1.0" encoding="UTF-8"?><testsuite errors="0" failures="1" name="testpackage.WhenAuditorTest" skipped="0" tests="1" time="34.86" timestamp="2022-10-12 10:50:37"><testcase classname="testpackage.WhenAuditorTest" name="Проверка названия окна списка арбитражных дел"><failure message="[Название окна арбитражных дел по аффилированным лицам некорректно] expected:&lt;&quot;Суды по аф[ф]илированным лицам&quot;&gt; but was:&lt;&quot;Суды по аф[]илированным лицам&quot;&gt;" type="org.junit.ComparisonFailure">[Название окна арбитражных дел по аффилированным лицам некорректно] expected:&lt;"Суды по аф[ф]илированным лицам"&gt; but was:&lt;"Суды по аф[]илированным лицам"&gt;</failure><system-err>[Название окна арбитражных дел по аффилированным лицам некорректно] expected:&lt;"Суды по аф[ф]илированным лицам"&gt; but was:&lt;"Суды по аф[]илированным лицам"&gt;&#13;
steps.AuditorSteps.check_name_window_arbitration_cases_on_affiliates(AuditorSteps.java:170)&#13;
testpackage.WhenAuditorTest.checkNameWindowArbitrationCasesOnAffiliates(WhenAuditorTest.java:338)&#13;
</system-err></testcase></testsuite>