<?xml version="1.0" encoding="UTF-8"?><testsuite errors="0" failures="1" name="testpackage.WhenMyTendersTasksTest" skipped="0" tests="1" time="29.52" timestamp="2023-03-21 02:59:36"><testcase classname="testpackage.WhenMyTendersTasksTest" name="Проверка количества задач после добавления задачи во вкладке &quot;Таблица&quot; без названия задачи"><failure message="[Количество задач в карточке тендера некорректно] expected:&lt;[tru]e&gt; but was:&lt;[fals]e&gt;" type="org.junit.ComparisonFailure">[Количество задач в карточке тендера некорректно] expected:&lt;[tru]e&gt; but was:&lt;[fals]e&gt;</failure><system-err>[Количество задач в карточке тендера некорректно] expected:&lt;[tru]e&gt; but was:&lt;[fals]e&gt;&#13;
steps.MyTendersTasksSteps.check_number_tasks_in_tender_card(MyTendersTasksSteps.java:104)&#13;
testpackage.WhenMyTendersTasksTest.checkNumberTasksAfterAddedTaskInTabTableWithoutNameTask(WhenMyTendersTasksTest.java:150)&#13;
</system-err></testcase></testsuite>