<?xml version="1.0" encoding="UTF-8"?><testsuite errors="1" failures="0" name="testpackage.WhenAutoSearchTest" skipped="0" tests="1" time="110.88" timestamp="2022-03-16 03:12:23"><testcase classname="testpackage.WhenAutoSearchTest" name="Проверка суммы  штрафов контракта"><error message="Index -1 out of bounds for length 0" type="java.lang.IndexOutOfBoundsException">Index -1 out of bounds for length 0</error><system-err>Index -1 out of bounds for length 0&#13;
pages.AutoSearchPage.checkPrice(AutoSearchPage.java:207)&#13;
steps.AutoSearchSteps.check_sum_mulct(AutoSearchSteps.java:282)&#13;
testpackage.WhenAutoSearchTest.checkSumMulctTender(WhenAutoSearchTest.java:835)&#13;
</system-err></testcase></testsuite>