<?xml version="1.0" encoding="UTF-8"?><testsuite errors="0" failures="1" name="testpackage.WhenCustomViewTest" skipped="0" tests="1" time="28.74" timestamp="2023-02-02 10:28:35"><testcase classname="testpackage.WhenCustomViewTest" name="Проверка окна пользовательского вида"><failure message="[Список выбранных столбцов по умолчанию пуст при создании нового пользовательского вида] expected:&lt;[fals]e&gt; but was:&lt;[tru]e&gt;" type="org.junit.ComparisonFailure">[Список выбранных столбцов по умолчанию пуст при создании нового пользовательского вида] expected:&lt;[fals]e&gt; but was:&lt;[tru]e&gt;</failure><system-err>[Список выбранных столбцов по умолчанию пуст при создании нового пользовательского вида] expected:&lt;[fals]e&gt; but was:&lt;[tru]e&gt;&#13;
steps.CustomViewSteps.check_number_element_of_list_selected_column(CustomViewSteps.java:111)&#13;
testpackage.WhenCustomViewTest.checkWindowCustomView(WhenCustomViewTest.java:55)&#13;
</system-err></testcase></testsuite>