<?xml version="1.0" encoding="UTF-8"?><testsuite errors="0" failures="1" name="testpackage.WhenAutoSearch" skipped="0" tests="1" time="37.22" timestamp="2022-01-17 10:49:41"><testcase classname="testpackage.WhenAutoSearch" name="Проверка даты публикации тендера"><failure message="[Есть тендеры с датой публикации не входящей в заданный промежуток] expected:&lt;[tru]e&gt; but was:&lt;[fals]e&gt;" type="org.junit.ComparisonFailure">[Есть тендеры с датой публикации не входящей в заданный промежуток] expected:&lt;[tru]e&gt; but was:&lt;[fals]e&gt;</failure><system-err>[Есть тендеры с датой публикации не входящей в заданный промежуток] expected:&lt;[tru]e&gt; but was:&lt;[fals]e&gt;&#13;
steps.AutoSearchSteps.check_publication_date_of_tender(AutoSearchSteps.java:90)&#13;
testpackage.WhenAutoSearch.checkPublicationDateOfTender(WhenAutoSearch.java:148)&#13;
</system-err></testcase></testsuite>