<?xml version="1.0" encoding="UTF-8"?><testsuite errors="0" failures="1" name="testpackage.WhenAutoSearchTest" skipped="0" tests="1" time="82.84" timestamp="2022-03-21 04:50:59"><testcase classname="testpackage.WhenAutoSearchTest" name="Проверка окна пользовательского вида"><failure message="[Список выбранных столбцов по умолчанию пуст при создании нового пользовательского вида] expected:&lt;[fals]e&gt; but was:&lt;[tru]e&gt;" type="org.junit.ComparisonFailure">[Список выбранных столбцов по умолчанию пуст при создании нового пользовательского вида] expected:&lt;[fals]e&gt; but was:&lt;[tru]e&gt;</failure><system-err>[Список выбранных столбцов по умолчанию пуст при создании нового пользовательского вида] expected:&lt;[fals]e&gt; but was:&lt;[tru]e&gt;&#13;
steps.AutoSearchSteps.check_number_element_of_list_selected_column(AutoSearchSteps.java:377)&#13;
testpackage.WhenAutoSearchTest.checkWindowCustomView(WhenAutoSearchTest.java:1002)&#13;
</system-err></testcase></testsuite>