<?xml version="1.0" encoding="UTF-8"?><testsuite errors="1" failures="0" name="testpackage.WhenAutoSearch" skipped="0" tests="1" time="35.44" timestamp="2022-01-14 04:03:24"><testcase classname="testpackage.WhenAutoSearch" name="Проверка даты публикации тендера"><error message="element click intercepted: Element &lt;div id=&quot;search-button&quot; class=&quot;dx-widget dx-button dx-button-mode-contained dx-button-normal dx-button-has-text dx-button-has-icon tl-normal-green-button&quot; role=&quot;button&quot; aria-label=&quot;Поиск&quot; tabindex=&quot;0&quot;&gt;...&lt;/div&gt; is not clickable at point (843, 419). Other element would receive the click: &lt;div class=&quot;col-lg-6 d-flex&quot;&gt;...&lt;/div&gt;&#10;  (Session info: chrome=96.0.4664.110)&#10;Build info: version: '3.141.59', revision: 'e82be7d358', time: '2018-11-14T08:17:03'&#10;System info: host: 'DESKTOP-I8U9460', ip: '192.168.1.143', os.name: 'Windows 10', os.arch: 'amd64', os.version: '10.0', java.version: '11.0.12'&#10;Driver info: org.openqa.selenium.chrome.ChromeDriver&#10;Capabilities {acceptInsecureCerts: false, browserName: chrome, browserVersion: 96.0.4664.110, chrome: {chromedriverVersion: 96.0.4664.45 (76e4c1bb2ab46..., userDataDir: C:\Users\prog\AppData\Local...}, goog:chromeOptions: {debuggerAddress: localhost:50820}, javascriptEnabled: true, networkConnectionEnabled: false, pageLoadStrategy: normal, platform: WINDOWS, platformName: WINDOWS, proxy: Proxy(), setWindowRect: true, strictFileInteractability: false, timeouts: {implicit: 0, pageLoad: 300000, script: 30000}, unhandledPromptBehavior: dismiss and notify, webauthn:extension:credBlob: true, webauthn:extension:largeBlob: true, webauthn:virtualAuthenticators: true}&#10;Session ID: 936eebf40ac148627a73b80910ab9687" type="org.openqa.selenium.ElementClickInterceptedException">element click intercepted: Element &lt;div id="search-button" class="dx-widget dx-button dx-button-mode-contained dx-button-normal dx-button-has-text dx-button-has-icon tl-normal-green-button" role="button" aria-label="Поиск" tabindex="0"&gt;...&lt;/div&gt; is not clickable at point (843, 419). Other element would receive the click: &lt;div class="col-lg-6 d-flex"&gt;...&lt;/div&gt;
  (Session info: chrome=96.0.4664.110)
Build info: version: '3.141.59', revision: 'e82be7d358', time: '2018-11-14T08:17:03'
System info: host: 'DESKTOP-I8U9460', ip: '192.168.1.143', os.name: 'Windows 10', os.arch: 'amd64', os.version: '10.0', java.version: '11.0.12'
Driver info: org.openqa.selenium.chrome.ChromeDriver
Capabilities {acceptInsecureCerts: false, browserName: chrome, browserVersion: 96.0.4664.110, chrome: {chromedriverVersion: 96.0.4664.45 (76e4c1bb2ab46..., userDataDir: C:\Users\prog\AppData\Local...}, goog:chromeOptions: {debuggerAddress: localhost:50820}, javascriptEnabled: true, networkConnectionEnabled: false, pageLoadStrategy: normal, platform: WINDOWS, platformName: WINDOWS, proxy: Proxy(), setWindowRect: true, strictFileInteractability: false, timeouts: {implicit: 0, pageLoad: 300000, script: 30000}, unhandledPromptBehavior: dismiss and notify, webauthn:extension:credBlob: true, webauthn:extension:largeBlob: true, webauthn:virtualAuthenticators: true}
Session ID: 936eebf40ac148627a73b80910ab9687</error><system-err>element click intercepted: Element &lt;div id="search-button" class="dx-widget dx-button dx-button-mode-contained dx-button-normal dx-button-has-text dx-button-has-icon tl-normal-green-button" role="button" aria-label="Поиск" tabindex="0"&gt;...&lt;/div&gt; is not clickable at point (843, 419). Other element would receive the click: &lt;div class="col-lg-6 d-flex"&gt;...&lt;/div&gt;
  (Session info: chrome=96.0.4664.110)
Build info: version: '3.141.59', revision: 'e82be7d358', time: '2018-11-14T08:17:03'
System info: host: 'DESKTOP-I8U9460', ip: '192.168.1.143', os.name: 'Windows 10', os.arch: 'amd64', os.version: '10.0', java.version: '11.0.12'
Driver info: org.openqa.selenium.chrome.ChromeDriver
Capabilities {acceptInsecureCerts: false, browserName: chrome, browserVersion: 96.0.4664.110, chrome: {chromedriverVersion: 96.0.4664.45 (76e4c1bb2ab46..., userDataDir: C:\Users\prog\AppData\Local...}, goog:chromeOptions: {debuggerAddress: localhost:50820}, javascriptEnabled: true, networkConnectionEnabled: false, pageLoadStrategy: normal, platform: WINDOWS, platformName: WINDOWS, proxy: Proxy(), setWindowRect: true, strictFileInteractability: false, timeouts: {implicit: 0, pageLoad: 300000, script: 30000}, unhandledPromptBehavior: dismiss and notify, webauthn:extension:credBlob: true, webauthn:extension:largeBlob: true, webauthn:virtualAuthenticators: true}
Session ID: 936eebf40ac148627a73b80910ab9687&#13;
pages.AutoSearchPage.clickButton(AutoSearchPage.java:54)&#13;
testpackage.WhenAutoSearch.checkPublicationDateOfTender(WhenAutoSearch.java:146)&#13;
</system-err></testcase></testsuite>