<?xml version="1.0" encoding="UTF-8"?><testsuite errors="0" failures="1" name="testpackage.WhenMyTendersTasksTest" skipped="0" tests="1" time="31.43" timestamp="2022-11-21 03:55:21"><testcase classname="testpackage.WhenMyTendersTasksTest" name="Проверка количества задач после добавления задачи во вкладке &quot;Таблица&quot; без названия задачи"><failure message="[Количество задач во вкладке &quot;Таблица&quot; некорректно или отображается поле ввода названия новой задачи] expected:&lt;[tru]e&gt; but was:&lt;[fals]e&gt;" type="org.junit.ComparisonFailure">[Количество задач во вкладке "Таблица" некорректно или отображается поле ввода названия новой задачи] expected:&lt;[tru]e&gt; but was:&lt;[fals]e&gt;</failure><system-err>[Количество задач во вкладке "Таблица" некорректно или отображается поле ввода названия новой задачи] expected:&lt;[tru]e&gt; but was:&lt;[fals]e&gt;&#13;
steps.MyTendersTasksSteps.check_number_tasks_in_tab_table(MyTendersTasksSteps.java:109)&#13;
testpackage.WhenMyTendersTasksTest.checkNumberTasksAfterAddedTaskInTabTableWithoutNameTask(WhenMyTendersTasksTest.java:154)&#13;
</system-err></testcase></testsuite>