<?xml version="1.0" encoding="UTF-8"?><testsuite errors="0" failures="1" name="testpackage.WhenFiltersTest" skipped="0" tests="1" time="20.21" timestamp="2023-02-27 03:56:29"><testcase classname="testpackage.WhenFiltersTest" name="Проверка полей ввода внутри фильтра &quot;Заказчик&quot; на пустое значение"><failure message="[Хотя бы одно поле для поиска не пустое] expected:&lt;[tru]e&gt; but was:&lt;[fals]e&gt;" type="org.junit.ComparisonFailure">[Хотя бы одно поле для поиска не пустое] expected:&lt;[tru]e&gt; but was:&lt;[fals]e&gt;</failure><system-err>[Хотя бы одно поле для поиска не пустое] expected:&lt;[tru]e&gt; but was:&lt;[fals]e&gt;&#13;
steps.FiltersSteps.check_empty_fields_for_search_inside_filter_customer(FiltersSteps.java:177)&#13;
testpackage.WhenFiltersTest.checkEmptyFieldsForSearchInsideFilterCustomer(WhenFiltersTest.java:198)&#13;
</system-err></testcase></testsuite>