<?xml version="1.0" encoding="UTF-8"?><testsuite errors="0" failures="1" name="testpackage.WhenAutoSearch" skipped="0" tests="1" time="21.86" timestamp="2022-01-13 04:51:20"><testcase classname="testpackage.WhenAutoSearch" name="Проверка транслитерации при поиске по названию тендера"><failure message="[Не во всех названиях тендеров есть ключевое слово] expected:&lt;[tru]e&gt; but was:&lt;[fals]e&gt;" type="org.junit.ComparisonFailure">[Не во всех названиях тендеров есть ключевое слово] expected:&lt;[tru]e&gt; but was:&lt;[fals]e&gt;</failure><system-err>[Не во всех названиях тендеров есть ключевое слово] expected:&lt;[tru]e&gt; but was:&lt;[fals]e&gt;&#13;
steps.AutoSearchSteps.check_name_tender_to_include_keyword(AutoSearchSteps.java:51)&#13;
testpackage.WhenAutoSearch.checkTransliterationNameTender(WhenAutoSearch.java:123)&#13;
</system-err></testcase></testsuite>