<?xml version="1.0" encoding="UTF-8"?><testsuite errors="0" failures="1" name="testpackage.WhenTabContractsTest" skipped="0" tests="1" time="36.1" timestamp="2022-10-06 09:35:57"><testcase classname="testpackage.WhenTabContractsTest" name="Проверка результата поиска контракта по продуктам"><failure message="[В результатах поиска контракта по продуктам отсутствует заданное значение] expected:&lt;[tru]e&gt; but was:&lt;[fals]e&gt;" type="org.junit.ComparisonFailure">[В результатах поиска контракта по продуктам отсутствует заданное значение] expected:&lt;[tru]e&gt; but was:&lt;[fals]e&gt;</failure><system-err>[В результатах поиска контракта по продуктам отсутствует заданное значение] expected:&lt;[tru]e&gt; but was:&lt;[fals]e&gt;&#13;
steps.TabContractsSteps.check_search_contract_by_product(TabContractsSteps.java:94)&#13;
testpackage.WhenTabContractsTest.checkSearchContractByProduct(WhenTabContractsTest.java:49)&#13;
</system-err></testcase></testsuite>