<?xml version="1.0" encoding="UTF-8"?><testsuite errors="0" failures="1" name="testpackage.TestAuditor" skipped="0" tests="1" time="29.7" timestamp="2023-08-07 03:28:04"><testcase classname="testpackage.TestAuditor" name="Проверка, что организация была раньше в РНП"><failure message="[организация либо никогда не была в РНП, либо находится в текущее время, либо некорректные записи в реестре] expected:&lt;[tru]e&gt; but was:&lt;[fals]e&gt;" type="org.junit.ComparisonFailure">[организация либо никогда не была в РНП, либо находится в текущее время, либо некорректные записи в реестре] expected:&lt;[tru]e&gt; but was:&lt;[fals]e&gt;</failure><system-err>[организация либо никогда не была в РНП, либо находится в текущее время, либо некорректные записи в реестре] expected:&lt;[tru]e&gt; but was:&lt;[fals]e&gt;&#13;
steps.AuditorSteps.check_organization_formerly_been_in_rnp(AuditorSteps.java:117)&#13;
testpackage.TestAuditor.checkOrganizationFormerlyBeenInRNP(TestAuditor.java:147)&#13;
</system-err></testcase></testsuite>