<?xml version="1.0" encoding="UTF-8"?><testsuite errors="0" failures="1" name="testpackage.WhenFiltersTest" skipped="0" tests="1" time="23.25" timestamp="2023-03-16 04:10:39"><testcase classname="testpackage.WhenFiltersTest" name="Проверка выделения элементов при закрытии окна фильтра 'Заказчик' без сохранения"><failure message="[После закрытия окна фильтра без сохранения выбранных элементов, элементы всё равно считаются выбранными] expected:&lt;&quot;[Установить значение]&quot;&gt; but was:&lt;&quot;[ИНДИВИДУАЛЬНЫЙ ПРЕДПРИНИМ... /]&quot;&gt;" type="org.junit.ComparisonFailure">[После закрытия окна фильтра без сохранения выбранных элементов, элементы всё равно считаются выбранными] expected:&lt;"[Установить значение]"&gt; but was:&lt;"[ИНДИВИДУАЛЬНЫЙ ПРЕДПРИНИМ... /]"&gt;</failure><system-err>[После закрытия окна фильтра без сохранения выбранных элементов, элементы всё равно считаются выбранными] expected:&lt;"[Установить значение]"&gt; but was:&lt;"[ИНДИВИДУАЛЬНЫЙ ПРЕДПРИНИМ... /]"&gt;&#13;
steps.FiltersSteps.check_save_after_close_filter(FiltersSteps.java:187)&#13;
testpackage.WhenFiltersTest.checkSaveAfterCloseFilter(WhenFiltersTest.java:209)&#13;
</system-err></testcase></testsuite>